digital-equipment-manager-ui/android/app/build/intermediates/manifest_merge_blame_file/debug/manifest-merger-blame-debug-report.txt
1<?xml version="1.0" encoding="utf-8"?>
2<manifest xmlns:android="http://schemas.android.com/apk/res/android"
3    package="io.ionic.equipmentmanagers"
4    android:versionCode="1"
5    android:versionName="1.0" >
6
7    <uses-sdk
8        android:minSdkVersion="21"
8-->src\main\AndroidManifest.xml
9        android:targetSdkVersion="30" />
9-->src\main\AndroidManifest.xml
10
11    <!-- Permissions -->
12    <uses-permission android:name="android.permission.INTERNET" />
12-->src\main\AndroidManifest.xml:41:5-67
12-->src\main\AndroidManifest.xml:41:22-64
13    <uses-permission android:name="android.permission.READ_EXTERNAL_STORAGE" />
13-->src\main\AndroidManifest.xml:42:6-80
13-->src\main\AndroidManifest.xml:42:23-78
14    <uses-permission android:name="android.permission.CAMERA" />
14-->src\main\AndroidManifest.xml:43:6-65
14-->src\main\AndroidManifest.xml:43:23-63
15    <uses-permission android:name="android.permission.WRITE_EXTERNAL_STORAGE" />
15-->src\main\AndroidManifest.xml:44:3-79
15-->src\main\AndroidManifest.xml:44:20-76
16
17    <queries>
17-->[:capacitor-camera] AndroidManifest.xml:9:5-13:15
18        <intent>
18-->[:capacitor-camera] AndroidManifest.xml:10:9-12:18
19            <action android:name="android.media.action.IMAGE_CAPTURE" />
19-->[:capacitor-camera] AndroidManifest.xml:11:13-73
19-->[:capacitor-camera] AndroidManifest.xml:11:21-70
20        </intent>
21    </queries>
22
23    <uses-permission android:name="android.permission.VIBRATE" />
23-->[:capacitor-haptics] AndroidManifest.xml:9:5-66
23-->[:capacitor-haptics] AndroidManifest.xml:9:22-63
24
25    <application
25-->src\main\AndroidManifest.xml:5:5-38:19
26        android:allowBackup="true"
26-->src\main\AndroidManifest.xml:6:9-35
27        android:appComponentFactory="androidx.core.app.CoreComponentFactory"
27-->[androidx.core:core:1.3.2] AndroidManifest.xml:24:18-86
28        android:debuggable="true"
29        android:icon="@mipmap/ic_launcher"
29-->src\main\AndroidManifest.xml:7:9-43
30        android:label="@string/app_name"
30-->src\main\AndroidManifest.xml:8:9-41
31        android:networkSecurityConfig="@xml/network_security_config"
31-->src\main\AndroidManifest.xml:12:9-69
32        android:roundIcon="@mipmap/ic_launcher_round"
32-->src\main\AndroidManifest.xml:9:9-54
33        android:supportsRtl="true"
33-->src\main\AndroidManifest.xml:10:9-35
34        android:theme="@style/AppTheme" >
34-->src\main\AndroidManifest.xml:11:9-40
35        <activity
35-->src\main\AndroidManifest.xml:15:9-27:20
36            android:name="io.ionic.starter.MainActivity"
36-->src\main\AndroidManifest.xml:17:13-57
37            android:configChanges="orientation|keyboardHidden|keyboard|screenSize|locale|smallestScreenSize|screenLayout|uiMode"
37-->src\main\AndroidManifest.xml:16:13-129
38            android:label="@string/title_activity_main"
38-->src\main\AndroidManifest.xml:18:13-56
39            android:launchMode="singleTask"
39-->src\main\AndroidManifest.xml:20:13-44
40            android:theme="@style/AppTheme.NoActionBarLaunch" >
40-->src\main\AndroidManifest.xml:19:13-62
41            <intent-filter>
41-->src\main\AndroidManifest.xml:22:13-25:29
42                <action android:name="android.intent.action.MAIN" />
42-->src\main\AndroidManifest.xml:23:17-69
42-->src\main\AndroidManifest.xml:23:25-66
43
44                <category android:name="android.intent.category.LAUNCHER" />
44-->src\main\AndroidManifest.xml:24:17-77
44-->src\main\AndroidManifest.xml:24:27-74
45            </intent-filter>
46        </activity>
47
48        <provider
49            android:name="androidx.core.content.FileProvider"
49-->src\main\AndroidManifest.xml:30:13-62
50            android:authorities="io.ionic.equipmentmanagers.fileprovider"
50-->src\main\AndroidManifest.xml:31:13-64
51            android:exported="false"
51-->src\main\AndroidManifest.xml:32:13-37
52            android:grantUriPermissions="true" >
52-->src\main\AndroidManifest.xml:33:13-47
53            <meta-data
53-->src\main\AndroidManifest.xml:34:13-36:64
54                android:name="android.support.FILE_PROVIDER_PATHS"
54-->src\main\AndroidManifest.xml:35:17-67
55                android:resource="@xml/file_paths" />
55-->src\main\AndroidManifest.xml:36:17-51
56        </provider>
57    </application>
58
59</manifest>